<?xml version="1.0" encoding="UTF-8"?>
<!-- Generated by org.testng.reporters.JUnitReportReporter -->
<testsuite hostname="DESKTOP-FGU0THI" failures="0" tests="1" name="Day12_05172020.Kayak_TestNG_Assertions" time="11.889" errors="0" timestamp="2020-05-20T00:12:10 EDT" skipped="0">
  <testcase classname="Day12_05172020.Kayak_TestNG_Assertions" name="KayakTestCase" time="11.889"/>
  <system-out/>
</testsuite> <!-- Day12_05172020.Kayak_TestNG_Assertions -->
