<?xml version="1.0" encoding="UTF-8"?>
<!-- Generated by org.testng.reporters.JUnitReportReporter -->
<testsuite hostname="DESKTOP-FGU0THI" failures="0" tests="1" name="AutomationActionItems.Metlife_Page_Object" time="102.148" errors="0" timestamp="2020-06-13T01:53:04 EDT" skipped="0">
  <testcase classname="AutomationActionItems.Metlife_Page_Object" name="Metlife_Page_Object" time="102.148"/>
  <system-out/>
</testsuite> <!-- AutomationActionItems.Metlife_Page_Object -->
