<?xml version="1.0" encoding="UTF-8"?>
<!-- Generated by org.testng.reporters.JUnitReportReporter -->
<testsuite hostname="DESKTOP-FGU0THI" failures="0" tests="1" name="Day14_05312020.List_Boolean_Abstract" time="12.848" errors="0" timestamp="2020-06-02T22:12:23 EDT" skipped="0">
  <testcase classname="Day14_05312020.List_Boolean_Abstract" name="yahoo_verification" time="12.848"/>
  <system-out/>
</testsuite> <!-- Day14_05312020.List_Boolean_Abstract -->
