<?xml version="1.0" encoding="UTF-8"?>
<!-- Generated by org.testng.reporters.JUnitReportReporter -->
<testsuite hostname="DESKTOP-FGU0THI" failures="0" tests="1" name="AutomationActionItems.GoogleSearch_Logger" time="22.307" errors="0" timestamp="2020-06-05T22:03:18 EDT" skipped="0">
  <testcase classname="AutomationActionItems.GoogleSearch_Logger" name="googleSearch" time="22.307"/>
  <system-out/>
</testsuite> <!-- AutomationActionItems.GoogleSearch_Logger -->
