<?xml version="1.0" encoding="UTF-8"?>
<!-- Generated by org.testng.reporters.JUnitReportReporter -->
<testsuite hostname="DESKTOP-FGU0THI" failures="0" tests="1" name="SeleniumSessions.TryandCatch" time="0.014" errors="0" timestamp="2020-06-04T22:21:00 EDT" skipped="0">
  <testcase classname="SeleniumSessions.TryandCatch" name="Finally" time="0.014"/>
  <system-out/>
</testsuite> <!-- SeleniumSessions.TryandCatch -->
