<?xml version="1.0" encoding="UTF-8"?>
<!-- Generated by org.testng.reporters.JUnitReportReporter -->
<testsuite hostname="DESKTOP-FGU0THI" failures="0" tests="1" name="AutomationActionItems.WeightWatcher_Logger" time="65.356" errors="0" timestamp="2020-06-05T22:03:18 EDT" skipped="0">
  <testcase classname="AutomationActionItems.WeightWatcher_Logger" name="weightWatcher" time="65.356"/>
  <system-out/>
</testsuite> <!-- AutomationActionItems.WeightWatcher_Logger -->
