<?xml version="1.0" encoding="UTF-8"?>
<!-- Generated by org.testng.reporters.JUnitReportReporter -->
<testsuite hostname="DESKTOP-FGU0THI" failures="0" tests="1" name="Day16_06072020.Yahoo_Page_Object_Search_Result" time="21.382" errors="0" timestamp="2020-06-07T11:46:11 EDT" skipped="0">
  <testcase classname="Day16_06072020.Yahoo_Page_Object_Search_Result" name="Yahoo_Search_Result" time="21.382"/>
  <system-out/>
</testsuite> <!-- Day16_06072020.Yahoo_Page_Object_Search_Result -->
