<?xml version="1.0" encoding="UTF-8"?>
<!-- Generated by org.testng.reporters.JUnitReportReporter -->
<testsuite hostname="DESKTOP-FGU0THI" failures="0" tests="1" name="Day11_05162020.GoogleSearch_TestNG" time="26.413" errors="0" timestamp="2020-05-17T12:40:56 EDT" skipped="0">
  <testcase classname="Day11_05162020.GoogleSearch_TestNG" name="googleSearch" time="26.413"/>
  <system-out>
My search number for car is 1,640,000,000 My search number for car is 503,000,000  </system-out>
</testsuite> <!-- Day11_05162020.GoogleSearch_TestNG -->
