<?xml version="1.0" encoding="UTF-8"?>
<!-- Generated by org.testng.reporters.JUnitReportReporter -->
<testsuite hostname="DESKTOP-FGU0THI" failures="0" tests="1" name="Day13_05302020.List_Boolean_htmlreport" time="10.322" errors="0" timestamp="2020-05-30T13:51:31 EDT" skipped="0">
  <testcase classname="Day13_05302020.List_Boolean_htmlreport" name="yahoo_verification" time="10.322"/>
  <system-out/>
</testsuite> <!-- Day13_05302020.List_Boolean_htmlreport -->
