<?xml version="1.0" encoding="UTF-8"?>
<!-- Generated by org.testng.reporters.JUnitReportReporter -->
<testsuite hostname="DESKTOP-FGU0THI" failures="0" tests="1" name="Day15_06062020.Yahoo_Page_Object_Search_Result" time="17.314" errors="0" timestamp="2020-06-06T13:51:07 EDT" skipped="0">
  <testcase classname="Day15_06062020.Yahoo_Page_Object_Search_Result" name="Yahoo_Search_Result" time="17.314"/>
  <system-out/>
</testsuite> <!-- Day15_06062020.Yahoo_Page_Object_Search_Result -->
