<?xml version="1.0" encoding="UTF-8"?>
<!-- Generated by org.testng.reporters.JUnitReportReporter -->
<testsuite hostname="DESKTOP-FGU0THI" failures="0" tests="1" name="Day13_05302020.List_Boolean" time="15.126" errors="0" timestamp="2020-05-30T11:22:13 EDT" skipped="0">
  <testcase classname="Day13_05302020.List_Boolean" name="yahoo_verification" time="15.126"/>
  <system-out/>
</testsuite> <!-- Day13_05302020.List_Boolean -->
